2024-06-23 17:56:51,043 - INFO - main - Start program
2024-06-23 17:57:33,713 - INFO - main - Init example VK 
2024-06-23 17:57:33,714 - INFO - main - Get images 
2024-06-23 17:57:33,964 - INFO - classVK - Downloading images
2024-06-23 17:57:33,965 - INFO - main - Sorting images 
2024-06-23 17:57:33,965 - INFO - main - Upload to json file 
2024-06-23 17:57:52,019 - INFO - main - Start program
2024-06-23 17:58:25,583 - INFO - main - Init example VK 
2024-06-23 17:58:25,583 - INFO - main - Get images 
2024-06-23 17:58:25,736 - INFO - classVK - Downloading images
2024-06-23 17:58:25,737 - INFO - main - Sorting images 
2024-06-23 17:58:25,737 - INFO - main - Upload to json file 
2024-06-23 17:59:50,762 - INFO - main - Start program
2024-06-23 18:00:25,625 - INFO - main - Init example VK 
2024-06-23 18:00:25,625 - INFO - main - Get images 
2024-06-23 18:00:25,781 - INFO - classVK - Downloading images
2024-06-23 18:00:25,782 - INFO - main - Sorting images 
2024-06-23 18:00:25,782 - INFO - main - Upload to json file 
2024-06-23 18:00:25,783 - INFO - main - Init example YandexDisk 
2024-06-23 18:01:04,620 - INFO - main - Start program
2024-06-23 18:01:38,816 - INFO - main - Init example VK 
2024-06-23 18:01:38,816 - INFO - main - Get images 
2024-06-23 18:01:39,052 - INFO - classVK - Downloading images
2024-06-23 18:01:39,053 - INFO - main - Sorting images 
2024-06-23 18:01:39,053 - INFO - main - Upload to json file 
2024-06-23 18:01:39,054 - INFO - main - Init example YandexDisk 
2024-06-23 18:03:15,041 - INFO - main - Start program
2024-06-23 18:03:50,248 - INFO - main - Init example VK 
2024-06-23 18:03:50,248 - INFO - main - Get images 
2024-06-23 18:03:50,410 - INFO - classVK - Downloading images
2024-06-23 18:03:50,412 - INFO - main - Sorting images 
2024-06-23 18:03:50,412 - INFO - main - Upload to json file 
2024-06-23 18:03:50,414 - INFO - main - Init example YandexDisk 
2024-06-23 18:07:11,570 - INFO - main - Start program
2024-06-23 18:08:28,421 - INFO - main - Init example VK 
2024-06-23 18:08:28,421 - INFO - main - Get images 
2024-06-23 18:08:28,626 - INFO - classVK - Downloading images
2024-06-23 18:08:28,626 - INFO - main - Sorting images 
2024-06-23 18:08:28,627 - INFO - main - Upload to json file 
2024-06-23 18:08:28,628 - INFO - main - Init example YandexDisk 
2024-06-23 18:10:35,243 - INFO - main - Start program
2024-06-23 18:11:03,671 - INFO - main - Init example VK 
2024-06-23 18:11:03,671 - INFO - main - Get images 
2024-06-23 18:11:03,894 - INFO - classVK - Downloading images
2024-06-23 18:11:03,894 - INFO - main - Sorting images 
2024-06-23 18:11:03,895 - INFO - main - Upload to json file 
2024-06-23 18:11:03,895 - INFO - main - Init example YandexDisk 
2024-06-23 18:11:38,383 - INFO - main - Start program
2024-06-23 18:12:12,982 - INFO - main - Init example VK 
2024-06-23 18:12:12,982 - INFO - main - Get images 
2024-06-23 18:12:13,245 - INFO - classVK - Downloading images
2024-06-23 18:12:13,248 - INFO - main - Sorting images 
2024-06-23 18:12:13,248 - INFO - main - Upload to json file 
2024-06-23 18:12:13,250 - INFO - main - Init example YandexDisk 
2024-06-23 18:12:52,550 - INFO - main - Start program
2024-06-23 18:13:14,101 - INFO - main - Init example VK 
2024-06-23 18:13:14,101 - INFO - main - Get images 
2024-06-23 18:13:37,312 - INFO - classVK - Downloading images
2024-06-23 18:13:46,402 - INFO - main - Sorting images 
2024-06-23 18:13:55,557 - INFO - main - Upload to json file 
2024-06-23 18:15:09,436 - INFO - main - Start program
2024-06-23 18:15:28,828 - INFO - main - Init example VK 
2024-06-23 18:15:28,829 - INFO - main - Get images 
2024-06-23 18:15:29,028 - INFO - classVK - Downloading images
2024-06-23 18:15:29,029 - INFO - main - Sorting images 
2024-06-23 18:15:29,029 - INFO - main - Upload to json file 
2024-06-23 18:15:29,030 - INFO - main - Init example YandexDisk 
